<?xml version="1.0" encoding="UTF-8"?>
<!-- Generated by org.testng.reporters.JUnitReportReporter -->
<testsuite skipped="0" hostname="L-SYD-00441105" name="com.canva.qe.ui.test.CanvaUITest" tests="1" failures="0" timestamp="08 Feb 2018 00:11:10 GMT" time="76.933" errors="0">
  <testcase name="testCanvaUITestCase" time="76.933" classname="com.canva.qe.ui.test.CanvaUITest"/>
</testsuite> <!-- com.canva.qe.ui.test.CanvaUITest -->
